[2024-12-24 15:44:09,007] INFO     {datahub.cli.ingest_cli:149} - DataHub CLI version: 0.14.1
[2024-12-24 15:44:09,037] INFO     {datahub.ingestion.run.pipeline:271} - Sink configured successfully. DataHubRestEmitter: configured to talk to http://localhost:8080
[2024-12-24 15:44:10,252] INFO     {datahub.ingestion.run.pipeline:295} - Source configured successfully.
[2024-12-24 15:44:10,252] INFO     {datahub.cli.ingest_cli:130} - Starting metadata ingestion
[2024-12-24 15:44:10,507] INFO     {datahub.cli.ingest_cli:143} - Finished metadata ingestion

Cli report:
{'cli_version': '0.14.1',
 'cli_entry_location': '/home/binh/.pyenv/versions/3.11.0/lib/python3.11/site-packages/datahub/__init__.py',
 'models_version': 'bundled',
 'py_version': '3.11.0 (main, Sep 12 2024, 17:59:09) [GCC 11.4.0]',
 'py_exec_path': '/home/binh/.pyenv/versions/3.11.0/bin/python3.11',
 'os_details': 'Linux-6.8.0-49-generic-x86_64-with-glibc2.35',
 'mem_info': '263.22 MB',
 'peak_memory_usage': '263.22 MB',
 'disk_info': {'total': '216.3 GB', 'used': '129.89 GB', 'used_initally': '129.89 GB', 'free': '75.35 GB'},
 'peak_disk_usage': '129.89 GB',
 'thread_count': 1,
 'peak_thread_count': 2}
Source (postgres) report:
{'num_tables_fetch_sample_values_failed': 0,
 'num_tables_classification_attempted': 0,
 'num_tables_classification_failed': 0,
 'num_tables_classification_found': 0,
 'info_types_detected': {},
 'events_produced': 43,
 'events_produced_per_sec': 18,
 'entities': {'container': ['urn:li:container:e8fe5e9af9944b3c9b73e2e0ae70d218', 'urn:li:container:a06e5a36c42c70147aac3b7452cdfad0'],
              'dataset': ['urn:li:dataset:(urn:li:dataPlatform:postgres,vpos.public.objectdefinition,PROD)',
                          'urn:li:dataset:(urn:li:dataPlatform:postgres,vpos.public.objectfield,PROD)',
                          'urn:li:dataset:(urn:li:dataPlatform:postgres,vpos.public.payment,PROD)',
                          'urn:li:dataset:(urn:li:dataPlatform:postgres,vpos.public.debt,PROD)',
                          'urn:li:dataset:(urn:li:dataPlatform:postgres,vpos.public.invoice_detail,PROD)',
                          'urn:li:dataset:(urn:li:dataPlatform:postgres,vpos.public.customer,PROD)',
                          'urn:li:dataset:(urn:li:dataPlatform:postgres,vpos.public.invoice,PROD)',
                          'urn:li:dataset:(urn:li:dataPlatform:postgres,vpos.public.products,PROD)']},
 'aspects': {'container': {'containerProperties': 2, 'status': 2, 'dataPlatformInstance': 2, 'subTypes': 2, 'browsePathsV2': 2, 'container': 1},
             'dataset': {'container': 8, 'status': 8, 'datasetProperties': 8, 'schemaMetadata': 8, 'subTypes': 8, 'browsePathsV2': 8}},
 'aspect_urn_samples': {'container': {'containerProperties': ['urn:li:container:e8fe5e9af9944b3c9b73e2e0ae70d218',
                                                              'urn:li:container:a06e5a36c42c70147aac3b7452cdfad0'],
                                      'status': ['urn:li:container:e8fe5e9af9944b3c9b73e2e0ae70d218',
                                                 'urn:li:container:a06e5a36c42c70147aac3b7452cdfad0'],
                                      'dataPlatformInstance': ['urn:li:container:e8fe5e9af9944b3c9b73e2e0ae70d218',
                                                               'urn:li:container:a06e5a36c42c70147aac3b7452cdfad0'],
                                      'subTypes': ['urn:li:container:e8fe5e9af9944b3c9b73e2e0ae70d218',
                                                   'urn:li:container:a06e5a36c42c70147aac3b7452cdfad0'],
                                      'browsePathsV2': ['urn:li:container:e8fe5e9af9944b3c9b73e2e0ae70d218',
                                                        'urn:li:container:a06e5a36c42c70147aac3b7452cdfad0'],
                                      'container': ['urn:li:container:a06e5a36c42c70147aac3b7452cdfad0']},
                        'dataset': {'container': ['urn:li:dataset:(urn:li:dataPlatform:postgres,vpos.public.objectdefinition,PROD)',
                                                  'urn:li:dataset:(urn:li:dataPlatform:postgres,vpos.public.objectfield,PROD)',
                                                  'urn:li:dataset:(urn:li:dataPlatform:postgres,vpos.public.payment,PROD)',
                                                  'urn:li:dataset:(urn:li:dataPlatform:postgres,vpos.public.debt,PROD)',
                                                  'urn:li:dataset:(urn:li:dataPlatform:postgres,vpos.public.invoice_detail,PROD)',
                                                  'urn:li:dataset:(urn:li:dataPlatform:postgres,vpos.public.customer,PROD)',
                                                  'urn:li:dataset:(urn:li:dataPlatform:postgres,vpos.public.invoice,PROD)',
                                                  'urn:li:dataset:(urn:li:dataPlatform:postgres,vpos.public.products,PROD)'],
                                    'status': ['urn:li:dataset:(urn:li:dataPlatform:postgres,vpos.public.objectdefinition,PROD)',
                                               'urn:li:dataset:(urn:li:dataPlatform:postgres,vpos.public.objectfield,PROD)',
                                               'urn:li:dataset:(urn:li:dataPlatform:postgres,vpos.public.payment,PROD)',
                                               'urn:li:dataset:(urn:li:dataPlatform:postgres,vpos.public.debt,PROD)',
                                               'urn:li:dataset:(urn:li:dataPlatform:postgres,vpos.public.invoice_detail,PROD)',
                                               'urn:li:dataset:(urn:li:dataPlatform:postgres,vpos.public.customer,PROD)',
                                               'urn:li:dataset:(urn:li:dataPlatform:postgres,vpos.public.invoice,PROD)',
                                               'urn:li:dataset:(urn:li:dataPlatform:postgres,vpos.public.products,PROD)'],
                                    'datasetProperties': ['urn:li:dataset:(urn:li:dataPlatform:postgres,vpos.public.objectdefinition,PROD)',
                                                          'urn:li:dataset:(urn:li:dataPlatform:postgres,vpos.public.objectfield,PROD)',
                                                          'urn:li:dataset:(urn:li:dataPlatform:postgres,vpos.public.payment,PROD)',
                                                          'urn:li:dataset:(urn:li:dataPlatform:postgres,vpos.public.debt,PROD)',
                                                          'urn:li:dataset:(urn:li:dataPlatform:postgres,vpos.public.invoice_detail,PROD)',
                                                          'urn:li:dataset:(urn:li:dataPlatform:postgres,vpos.public.customer,PROD)',
                                                          'urn:li:dataset:(urn:li:dataPlatform:postgres,vpos.public.invoice,PROD)',
                                                          'urn:li:dataset:(urn:li:dataPlatform:postgres,vpos.public.products,PROD)'],
                                    'schemaMetadata': ['urn:li:dataset:(urn:li:dataPlatform:postgres,vpos.public.objectdefinition,PROD)',
                                                       'urn:li:dataset:(urn:li:dataPlatform:postgres,vpos.public.objectfield,PROD)',
                                                       'urn:li:dataset:(urn:li:dataPlatform:postgres,vpos.public.payment,PROD)',
                                                       'urn:li:dataset:(urn:li:dataPlatform:postgres,vpos.public.debt,PROD)',
                                                       'urn:li:dataset:(urn:li:dataPlatform:postgres,vpos.public.invoice_detail,PROD)',
                                                       'urn:li:dataset:(urn:li:dataPlatform:postgres,vpos.public.customer,PROD)',
                                                       'urn:li:dataset:(urn:li:dataPlatform:postgres,vpos.public.invoice,PROD)',
                                                       'urn:li:dataset:(urn:li:dataPlatform:postgres,vpos.public.products,PROD)'],
                                    'subTypes': ['urn:li:dataset:(urn:li:dataPlatform:postgres,vpos.public.objectdefinition,PROD)',
                                                 'urn:li:dataset:(urn:li:dataPlatform:postgres,vpos.public.objectfield,PROD)',
                                                 'urn:li:dataset:(urn:li:dataPlatform:postgres,vpos.public.payment,PROD)',
                                                 'urn:li:dataset:(urn:li:dataPlatform:postgres,vpos.public.debt,PROD)',
                                                 'urn:li:dataset:(urn:li:dataPlatform:postgres,vpos.public.invoice_detail,PROD)',
                                                 'urn:li:dataset:(urn:li:dataPlatform:postgres,vpos.public.customer,PROD)',
                                                 'urn:li:dataset:(urn:li:dataPlatform:postgres,vpos.public.invoice,PROD)',
                                                 'urn:li:dataset:(urn:li:dataPlatform:postgres,vpos.public.products,PROD)'],
                                    'browsePathsV2': ['urn:li:dataset:(urn:li:dataPlatform:postgres,vpos.public.objectdefinition,PROD)',
                                                      'urn:li:dataset:(urn:li:dataPlatform:postgres,vpos.public.objectfield,PROD)',
                                                      'urn:li:dataset:(urn:li:dataPlatform:postgres,vpos.public.payment,PROD)',
                                                      'urn:li:dataset:(urn:li:dataPlatform:postgres,vpos.public.debt,PROD)',
                                                      'urn:li:dataset:(urn:li:dataPlatform:postgres,vpos.public.invoice_detail,PROD)',
                                                      'urn:li:dataset:(urn:li:dataPlatform:postgres,vpos.public.customer,PROD)',
                                                      'urn:li:dataset:(urn:li:dataPlatform:postgres,vpos.public.invoice,PROD)',
                                                      'urn:li:dataset:(urn:li:dataPlatform:postgres,vpos.public.products,PROD)']}},
 'soft_deleted_stale_entities': [],
 'last_state_non_deletable_entities': [],
 'tables_scanned': 8,
 'views_scanned': 0,
 'entities_profiled': 0,
 'filtered': ['information_schema.*'],
 'num_view_definitions_parsed': 0,
 'num_view_definitions_failed_parsing': 0,
 'num_view_definitions_failed_column_parsing': 0,
 'view_definitions_parsing_failures': [],
